<?xml version="1.0" encoding="UTF-8"?>
<!-- Generated by org.testng.reporters.JUnitReportReporter -->
<testsuite hostname="DESKTOP-JA79ESH" failures="0" tests="3" name="TestPackage.FirstTest" time="33.078" errors="0" timestamp="03 Dec 2022 07:13:41 GMT" skipped="0">
  <testcase classname="TestPackage.FirstTest" name="Loginmethod" time="12.583"/>
  <testcase classname="TestPackage.FirstTest" name="ProductSelectionmethod" time="14.244"/>
  <testcase classname="TestPackage.FirstTest" name="LogoutMethod" time="6.251"/>
</testsuite> <!-- TestPackage.FirstTest -->
