<?xml version="1.0" encoding="UTF-8"?>
<!-- Generated by org.testng.reporters.JUnitReportReporter -->
<testsuite hostname="DESKTOP-JA79ESH" failures="0" tests="1" name="TestPackage.FirstTest" time="10.750" errors="0" timestamp="20 Nov 2022 09:36:38 GMT" skipped="0">
  <testcase classname="TestPackage.FirstTest" name="testmethod" time="10.750"/>
</testsuite> <!-- TestPackage.FirstTest -->
